
********************************************************
**** Local grids BEFORE exchange ***********************
********************************************************
Rank: 0
--------------------------------------------------------
 0.0005 0.0105 0.0205 0.0305 0.0405 0.0505
 0.0004 0.0104 0.0204 0.0304 0.0404 0.0504
 0.0003 0.0103 0.0203 0.0303 0.0403 0.0503
 0.0002 0.0102 0.0202 0.0302 0.0402 0.0502
 0.0001 0.0101 0.0201 0.0301 0.0401 0.0501
 0.0000 0.0100 0.0200 0.0300 0.0400 0.0500
--------------------------------------------------------
Rank: 1
--------------------------------------------------------
 1.0009 1.0109 1.0209 1.0309 1.0409 1.0509
 1.0008 1.0108 1.0208 1.0308 1.0408 1.0508
 1.0007 1.0107 1.0207 1.0307 1.0407 1.0507
 1.0006 1.0106 1.0206 1.0306 1.0406 1.0506
 1.0005 1.0105 1.0205 1.0305 1.0405 1.0505
 1.0004 1.0104 1.0204 1.0304 1.0404 1.0504
--------------------------------------------------------
Rank: 2
--------------------------------------------------------
 2.0405 2.0505 2.0605 2.0705 2.0805 2.0905
 2.0404 2.0504 2.0604 2.0704 2.0804 2.0904
 2.0403 2.0503 2.0603 2.0703 2.0803 2.0903
 2.0402 2.0502 2.0602 2.0702 2.0802 2.0902
 2.0401 2.0501 2.0601 2.0701 2.0801 2.0901
 2.0400 2.0500 2.0600 2.0700 2.0800 2.0900
--------------------------------------------------------
Rank: 3
--------------------------------------------------------
 3.0409 3.0509 3.0609 3.0709 3.0809 3.0909
 3.0408 3.0508 3.0608 3.0708 3.0808 3.0908
 3.0407 3.0507 3.0607 3.0707 3.0807 3.0907
 3.0406 3.0506 3.0606 3.0706 3.0806 3.0906
 3.0405 3.0505 3.0605 3.0705 3.0805 3.0905
 3.0404 3.0504 3.0604 3.0704 3.0804 3.0904
--------------------------------------------------------

********************************************************
**** Local grids AFTER exchange ************************
********************************************************
Rank: 0
--------------------------------------------------------
 1.0005 1.0105 1.0205 1.0305 1.0405 3.0505
 0.0004 0.0104 0.0204 0.0304 0.0404 2.0504
 0.0003 0.0103 0.0203 0.0303 0.0403 2.0503
 0.0002 0.0102 0.0202 0.0302 0.0402 2.0502
 0.0001 0.0101 0.0201 0.0301 0.0401 2.0501
 0.0000 0.0100 0.0200 0.0300 0.0400 2.0500
--------------------------------------------------------
Rank: 1
--------------------------------------------------------
 1.0009 1.0109 1.0209 1.0309 1.0409 3.0509
 1.0008 1.0108 1.0208 1.0308 1.0408 3.0508
 1.0007 1.0107 1.0207 1.0307 1.0407 3.0507
 1.0006 1.0106 1.0206 1.0306 1.0406 3.0506
 1.0005 1.0105 1.0205 1.0305 1.0405 3.0505
 0.0004 0.0104 0.0204 0.0304 0.0404 2.0504
--------------------------------------------------------
Rank: 2
--------------------------------------------------------
 1.0405 3.0505 3.0605 3.0705 3.0805 3.0905
 0.0404 2.0504 2.0604 2.0704 2.0804 2.0904
 0.0403 2.0503 2.0603 2.0703 2.0803 2.0903
 0.0402 2.0502 2.0602 2.0702 2.0802 2.0902
 0.0401 2.0501 2.0601 2.0701 2.0801 2.0901
 0.0400 2.0500 2.0600 2.0700 2.0800 2.0900
--------------------------------------------------------
Rank: 3
--------------------------------------------------------
 1.0409 3.0509 3.0609 3.0709 3.0809 3.0909
 1.0408 3.0508 3.0608 3.0708 3.0808 3.0908
 1.0407 3.0507 3.0607 3.0707 3.0807 3.0907
 1.0406 3.0506 3.0606 3.0706 3.0806 3.0906
 1.0405 3.0505 3.0605 3.0705 3.0805 3.0905
 0.0404 2.0504 2.0604 2.0704 2.0804 2.0904
--------------------------------------------------------
